# JRE version: 7.0_09-b05
# Java VM: Java HotSpot(TM) Client VM (23.5-b02 mixed mode, sharing windows-x86 )
Heap
 def new generation   total 4928K, used 4055K [0x243d0000, 0x24920000, 0x29920000)
  eden space 4416K,  91% used [0x243d0000, 0x247c5a70, 0x24820000)
  from space 512K,   0% used [0x248a0000, 0x248a0310, 0x24920000)
  to   space 512K,   0% used [0x24820000, 0x24820000, 0x248a0000)
 tenured generation   total 10944K, used 3169K [0x29920000, 0x2a3d0000, 0x343d0000)
   the space 10944K,  28% used [0x29920000, 0x29c38698, 0x29c38800, 0x2a3d0000)
 compacting perm gen  total 12288K, used 2158K [0x343d0000, 0x34fd0000, 0x383d0000)
   the space 12288K,  17% used [0x343d0000, 0x345eba70, 0x345ebc00, 0x34fd0000)
    ro space 10240K,  42% used [0x383d0000, 0x38810348, 0x38810400, 0x38dd0000)
    rw space 12288K,  54% used [0x38dd0000, 0x394506f0, 0x39450800, 0x399d0000)
GC Heap History (10 events):
Event: 3405.673 GC heap before
{Heap before GC invocations=1166 (full 0):
 def new generation   total 4928K, used 4416K [0x243d0000, 0x24920000, 0x29920000)
  eden space 4416K, 100% used [0x243d0000, 0x24820000, 0x24820000)
  from space 512K,   0% used [0x24820000, 0x248202a8, 0x248a0000)
  to   space 512K,   0% used [0x248a0000, 0x248a0000, 0x24920000)
 tenured generation   total 10944K, used 3169K [0x29920000, 0x2a3d0000, 0x343d0000)
   the space 10944K,  28% used [0x29920000, 0x29c38698, 0x29c38800, 0x2a3d0000)
 compacting perm gen  total 12288K, used 2158K [0x343d0000, 0x34fd0000, 0x383d0000)
   the space 12288K,  17% used [0x343d0000, 0x345eba70, 0x345ebc00, 0x34fd0000)
    ro space 10240K,  42% used [0x383d0000, 0x38810348, 0x38810400, 0x38dd0000)
    rw space 12288K,  54% used [0x38dd0000, 0x394506f0, 0x39450800, 0x399d0000)
Event: 3405.674 GC heap after
Heap after GC invocations=1167 (full 0):
 def new generation   total 4928K, used 0K [0x243d0000, 0x24920000, 0x29920000)
  eden space 4416K,   0% used [0x243d0000, 0x243d0000, 0x24820000)
  from space 512K,   0% used [0x248a0000, 0x248a02e8, 0x24920000)
  to   space 512K,   0% used [0x24820000, 0x24820000, 0x248a0000)
 tenured generation   total 10944K, used 3169K [0x29920000, 0x2a3d0000, 0x343d0000)
   the space 10944K,  28% used [0x29920000, 0x29c38698, 0x29c38800, 0x2a3d0000)
 compacting perm gen  total 12288K, used 2158K [0x343d0000, 0x34fd0000, 0x383d0000)
   the space 12288K,  17% used [0x343d0000, 0x345eba70, 0x345ebc00, 0x34fd0000)
    ro space 10240K,  42% used [0x383d0000, 0x38810348, 0x38810400, 0x38dd0000)
    rw space 12288K,  54% used [0x38dd0000, 0x394506f0, 0x39450800, 0x399d0000)
}
Event: 3408.623 GC heap before
{Heap before GC invocations=1167 (full 0):
 def new generation   total 4928K, used 4416K [0x243d0000, 0x24920000, 0x29920000)
  eden space 4416K, 100% used [0x243d0000, 0x24820000, 0x24820000)
  from space 512K,   0% used [0x248a0000, 0x248a02e8, 0x24920000)
  to   space 512K,   0% used [0x24820000, 0x24820000, 0x248a0000)
 tenured generation   total 10944K, used 3169K [0x29920000, 0x2a3d0000, 0x343d0000)
   the space 10944K,  28% used [0x29920000, 0x29c38698, 0x29c38800, 0x2a3d0000)
 compacting perm gen  total 12288K, used 2158K [0x343d0000, 0x34fd0000, 0x383d0000)
   the space 12288K,  17% used [0x343d0000, 0x345eba70, 0x345ebc00, 0x34fd0000)
    ro space 10240K,  42% used [0x383d0000, 0x38810348, 0x38810400, 0x38dd0000)
    rw space 12288K,  54% used [0x38dd0000, 0x394506f0, 0x39450800, 0x399d0000)
Event: 3408.624 GC heap after
Heap after GC invocations=1168 (full 0):
 def new generation   total 4928K, used 0K [0x243d0000, 0x24920000, 0x29920000)
  eden space 4416K,   0% used [0x243d0000, 0x243d0000, 0x24820000)
  from space 512K,   0% used [0x24820000, 0x248202c8, 0x248a0000)
  to   space 512K,   0% used [0x248a0000, 0x248a0000, 0x24920000)
 tenured generation   total 10944K, used 3169K [0x29920000, 0x2a3d0000, 0x343d0000)
   the space 10944K,  28% used [0x29920000, 0x29c38698, 0x29c38800, 0x2a3d0000)
 compacting perm gen  total 12288K, used 2158K [0x343d0000, 0x34fd0000, 0x383d0000)
   the space 12288K,  17% used [0x343d0000, 0x345eba70, 0x345ebc00, 0x34fd0000)
    ro space 10240K,  42% used [0x383d0000, 0x38810348, 0x38810400, 0x38dd0000)
    rw space 12288K,  54% used [0x38dd0000, 0x394506f0, 0x39450800, 0x399d0000)
}
Event: 3411.573 GC heap before
{Heap before GC invocations=1168 (full 0):
 def new generation   total 4928K, used 4416K [0x243d0000, 0x24920000, 0x29920000)
  eden space 4416K, 100% used [0x243d0000, 0x24820000, 0x24820000)
  from space 512K,   0% used [0x24820000, 0x248202c8, 0x248a0000)
  to   space 512K,   0% used [0x248a0000, 0x248a0000, 0x24920000)
 tenured generation   total 10944K, used 3169K [0x29920000, 0x2a3d0000, 0x343d0000)
   the space 10944K,  28% used [0x29920000, 0x29c38698, 0x29c38800, 0x2a3d0000)
 compacting perm gen  total 12288K, used 2158K [0x343d0000, 0x34fd0000, 0x383d0000)
   the space 12288K,  17% used [0x343d0000, 0x345eba70, 0x345ebc00, 0x34fd0000)
    ro space 10240K,  42% used [0x383d0000, 0x38810348, 0x38810400, 0x38dd0000)
    rw space 12288K,  54% used [0x38dd0000, 0x394506f0, 0x39450800, 0x399d0000)
Event: 3411.574 GC heap after
Heap after GC invocations=1169 (full 0):
 def new generation   total 4928K, used 0K [0x243d0000, 0x24920000, 0x29920000)
  eden space 4416K,   0% used [0x243d0000, 0x243d0000, 0x24820000)
  from space 512K,   0% used [0x248a0000, 0x248a02a8, 0x24920000)
  to   space 512K,   0% used [0x24820000, 0x24820000, 0x248a0000)
 tenured generation   total 10944K, used 3169K [0x29920000, 0x2a3d0000, 0x343d0000)
   the space 10944K,  28% used [0x29920000, 0x29c38698, 0x29c38800, 0x2a3d0000)
 compacting perm gen  total 12288K, used 2158K [0x343d0000, 0x34fd0000, 0x383d0000)
   the space 12288K,  17% used [0x343d0000, 0x345eba70, 0x345ebc00, 0x34fd0000)
    ro space 10240K,  42% used [0x383d0000, 0x38810348, 0x38810400, 0x38dd0000)
    rw space 12288K,  54% used [0x38dd0000, 0x394506f0, 0x39450800, 0x399d0000)
}
Event: 3414.537 GC heap before
{Heap before GC invocations=1169 (full 0):
 def new generation   total 4928K, used 4416K [0x243d0000, 0x24920000, 0x29920000)
  eden space 4416K, 100% used [0x243d0000, 0x24820000, 0x24820000)
  from space 512K,   0% used [0x248a0000, 0x248a02a8, 0x24920000)
  to   space 512K,   0% used [0x24820000, 0x24820000, 0x248a0000)
 tenured generation   total 10944K, used 3169K [0x29920000, 0x2a3d0000, 0x343d0000)
   the space 10944K,  28% used [0x29920000, 0x29c38698, 0x29c38800, 0x2a3d0000)
 compacting perm gen  total 12288K, used 2158K [0x343d0000, 0x34fd0000, 0x383d0000)
   the space 12288K,  17% used [0x343d0000, 0x345eba70, 0x345ebc00, 0x34fd0000)
    ro space 10240K,  42% used [0x383d0000, 0x38810348, 0x38810400, 0x38dd0000)
    rw space 12288K,  54% used [0x38dd0000, 0x394506f0, 0x39450800, 0x399d0000)
Event: 3414.537 GC heap after
Heap after GC invocations=1170 (full 0):
 def new generation   total 4928K, used 0K [0x243d0000, 0x24920000, 0x29920000)
  eden space 4416K,   0% used [0x243d0000, 0x243d0000, 0x24820000)
  from space 512K,   0% used [0x24820000, 0x24820300, 0x248a0000)
  to   space 512K,   0% used [0x248a0000, 0x248a0000, 0x24920000)
 tenured generation   total 10944K, used 3169K [0x29920000, 0x2a3d0000, 0x343d0000)
   the space 10944K,  28% used [0x29920000, 0x29c38698, 0x29c38800, 0x2a3d0000)
 compacting perm gen  total 12288K, used 2158K [0x343d0000, 0x34fd0000, 0x383d0000)
   the space 12288K,  17% used [0x343d0000, 0x345eba70, 0x345ebc00, 0x34fd0000)
    ro space 10240K,  42% used [0x383d0000, 0x38810348, 0x38810400, 0x38dd0000)
    rw space 12288K,  54% used [0x38dd0000, 0x394506f0, 0x39450800, 0x399d0000)
}
Event: 3417.489 GC heap before
{Heap before GC invocations=1170 (full 0):
 def new generation   total 4928K, used 4416K [0x243d0000, 0x24920000, 0x29920000)
  eden space 4416K, 100% used [0x243d0000, 0x24820000, 0x24820000)
  from space 512K,   0% used [0x24820000, 0x24820300, 0x248a0000)
  to   space 512K,   0% used [0x248a0000, 0x248a0000, 0x24920000)
 tenured generation   total 10944K, used 3169K [0x29920000, 0x2a3d0000, 0x343d0000)
   the space 10944K,  28% used [0x29920000, 0x29c38698, 0x29c38800, 0x2a3d0000)
 compacting perm gen  total 12288K, used 2158K [0x343d0000, 0x34fd0000, 0x383d0000)
   the space 12288K,  17% used [0x343d0000, 0x345eba70, 0x345ebc00, 0x34fd0000)
    ro space 10240K,  42% used [0x383d0000, 0x38810348, 0x38810400, 0x38dd0000)
    rw space 12288K,  54% used [0x38dd0000, 0x394506f0, 0x39450800, 0x399d0000)
Event: 3417.489 GC heap after
Heap after GC invocations=1171 (full 0):
 def new generation   total 4928K, used 0K [0x243d0000, 0x24920000, 0x29920000)
  eden space 4416K,   0% used [0x243d0000, 0x243d0000, 0x24820000)
  from space 512K,   0% used [0x248a0000, 0x248a0310, 0x24920000)
  to   space 512K,   0% used [0x24820000, 0x24820000, 0x248a0000)
 tenured generation   total 10944K, used 3169K [0x29920000, 0x2a3d0000, 0x343d0000)
   the space 10944K,  28% used [0x29920000, 0x29c38698, 0x29c38800, 0x2a3d0000)
 compacting perm gen  total 12288K, used 2158K [0x343d0000, 0x34fd0000, 0x383d0000)
   the space 12288K,  17% used [0x343d0000, 0x345eba70, 0x345ebc00, 0x34fd0000)
    ro space 10240K,  42% used [0x383d0000, 0x38810348, 0x38810400, 0x38dd0000)
    rw space 12288K,  54% used [0x38dd0000, 0x394506f0, 0x39450800, 0x399d0000)
}

